<?xml version="1.0" encoding="UTF-8"?>
<testsuite xmlns:xsi="http://www.w3.org/2001/XMLSchema-instance" xsi:noNamespaceSchemaLocation="https://maven.apache.org/surefire/maven-surefire-plugin/xsd/surefire-test-report-3.0.xsd" version="3.0" name="DiceTest" time="0.123" tests="3" errors="0" skipped="0" failures="0">
  <properties>
[...]
</properties>
  <testcase name="testRoll" classname="DiceTest" time="0.056"/>
  <testcase name="testGetDie" classname="DiceTest" time="0.004"/>
  <testcase name="testGetDieInvalidIndex" classname="DiceTest" time="0.008"/>
</testsuite>